c:\users\ddggd\desktop\c++\formlib\x64\debug\vc143.pdb
c:\users\ddggd\desktop\c++\formlib\x64\debug\vc143.idb
c:\users\ddggd\desktop\c++\formlib\x64\debug\utils.obj
c:\users\ddggd\desktop\c++\formlib\x64\debug\textbox.obj
c:\users\ddggd\desktop\c++\formlib\x64\debug\size.obj
c:\users\ddggd\desktop\c++\formlib\x64\debug\progress.obj
c:\users\ddggd\desktop\c++\formlib\x64\debug\point.obj
c:\users\ddggd\desktop\c++\formlib\x64\debug\painter.obj
c:\users\ddggd\desktop\c++\formlib\x64\debug\menu.obj
c:\users\ddggd\desktop\c++\formlib\x64\debug\icontrol.obj
c:\users\ddggd\desktop\c++\formlib\x64\debug\icolorfulout.obj
c:\users\ddggd\desktop\c++\formlib\x64\debug\formlistener.obj
c:\users\ddggd\desktop\c++\formlib\x64\debug\formlib-example.obj
c:\users\ddggd\desktop\c++\formlib\x64\debug\form.obj
c:\users\ddggd\desktop\c++\formlib\x64\debug\control.obj
c:\users\ddggd\desktop\c++\formlib\x64\debug\checkbox.obj
c:\users\ddggd\desktop\c++\formlib\x64\debug\button.obj
c:\users\ddggd\desktop\c++\formlib\x64\debug\formlib.exe
c:\users\ddggd\desktop\c++\formlib\x64\debug\formlib.ilk
c:\users\ddggd\desktop\c++\formlib\x64\debug\formlib.pdb
c:\users\ddggd\desktop\c++\formlib\x64\debug\formlib.res
c:\users\ddggd\desktop\c++\formlib\x64\debug\formlib.tlog\cl.command.1.tlog
c:\users\ddggd\desktop\c++\formlib\x64\debug\formlib.tlog\cl.read.1.tlog
c:\users\ddggd\desktop\c++\formlib\x64\debug\formlib.tlog\cl.write.1.tlog
c:\users\ddggd\desktop\c++\formlib\x64\debug\formlib.tlog\link.command.1.tlog
c:\users\ddggd\desktop\c++\formlib\x64\debug\formlib.tlog\link.read.1.tlog
c:\users\ddggd\desktop\c++\formlib\x64\debug\formlib.tlog\link.write.1.tlog
c:\users\ddggd\desktop\c++\formlib\x64\debug\formlib.tlog\rc.command.1.tlog
c:\users\ddggd\desktop\c++\formlib\x64\debug\formlib.tlog\rc.read.1.tlog
c:\users\ddggd\desktop\c++\formlib\x64\debug\formlib.tlog\rc.write.1.tlog
